[0.000][INFO]:      ChromeDriver 26.0.1383.0 /Users/eason/.rvm/rubies/ruby-1.9.3-p392/bin/chromedriver
[0.242][FINE]:      Initializing session with capabilities {
   "browserName": "chrome",
   "chrome.detach": true,
   "chromeOptions": {
      "detach": true
   },
   "cssSelectorsEnabled": true,
   "javascriptEnabled": true,
   "nativeEvents": false,
   "platform": "ANY",
   "rotatable": false,
   "takesScreenshot": false,
   "version": ""
}

[0.243][INFO]:      Using named testing interface
[0.947][INFO]:      Connected to Chrome successfully. Version: 26.0.1410.65
[0.950][FINE]:      Command received (/session/80d6f5e3ddcfba14652559c26addbbdc)
[0.950][FINE]:      Command finished (/session/80d6f5e3ddcfba14652559c26addbbdc) with response {
   "sessionId": "80d6f5e3ddcfba14652559c26addbbdc",
   "status": 0,
   "value": {
      "acceptSslCerts": false,
      "applicationCacheEnabled": false,
      "browserConnectionEnabled": false,
      "browserName": "chrome",
      "chrome.chromedriverVersion": "26.0.1383.0",
      "cssSelectorsEnabled": true,
      "databaseEnabled": false,
      "handlesAlerts": true,
      "javascriptEnabled": true,
      "locationContextEnabled": false,
      "nativeEvents": true,
      "platform": "mac",
      "rotatable": false,
      "takesScreenshot": true,
      "version": "26.0.1410.65",
      "webStorageEnabled": true
   }
}

[0.951][FINE]:      Command received (/session/80d6f5e3ddcfba14652559c26addbbdc/url) with params {
   "url": "file:////Users/eason/Documents/webdriver_guide/25/wait.html"
}

[0.951][FINER]:     Waiting for all views to stop loading...
[0.951][FINER]:     Done waiting for all views to stop loading
[3.583][FINER]:     Waiting for all views to stop loading...
[3.587][FINER]:     Done waiting for all views to stop loading
[3.587][FINE]:      Command finished (/session/80d6f5e3ddcfba14652559c26addbbdc/url) with response {
   "sessionId": "80d6f5e3ddcfba14652559c26addbbdc",
   "status": 0,
   "value": {

   }
}

[3.589][FINE]:      Command received (/session/80d6f5e3ddcfba14652559c26addbbdc/element) with params {
   "using": "id",
   "value": "btn"
}

[3.589][FINER]:     Waiting for all views to stop loading...
[3.589][FINER]:     Done waiting for all views to stop loading
[3.607][FINER]:     Waiting for all views to stop loading...
[3.607][FINER]:     Done waiting for all views to stop loading
[3.607][FINE]:      Command finished (/session/80d6f5e3ddcfba14652559c26addbbdc/element) with response {
   "sessionId": "80d6f5e3ddcfba14652559c26addbbdc",
   "status": 0,
   "value": {
      "ELEMENT": ":wdc:1371825646511"
   }
}

[3.609][FINE]:      Command received (/session/80d6f5e3ddcfba14652559c26addbbdc/element/:wdc:1371825646511/click) with params {

}

[3.609][FINER]:     Waiting for all views to stop loading...
[3.610][FINER]:     Done waiting for all views to stop loading
[3.652][FINER]:     Waiting for all views to stop loading...
[3.652][FINER]:     Done waiting for all views to stop loading
[3.652][FINE]:      Command finished (/session/80d6f5e3ddcfba14652559c26addbbdc/element/:wdc:1371825646511/click) with response {
   "sessionId": "80d6f5e3ddcfba14652559c26addbbdc",
   "status": 0,
   "value": {

   }
}

[3.653][FINE]:      Command received (/session/80d6f5e3ddcfba14652559c26addbbdc/element) with params {
   "using": "class name",
   "value": "label"
}

[3.653][FINER]:     Waiting for all views to stop loading...
[3.653][FINER]:     Done waiting for all views to stop loading
[3.673][FINER]:     Waiting for all views to stop loading...
[3.673][FINER]:     Done waiting for all views to stop loading
[3.673][FINE]:      Command finished (/session/80d6f5e3ddcfba14652559c26addbbdc/element) with response {
   "sessionId": "80d6f5e3ddcfba14652559c26addbbdc",
   "status": 0,
   "value": {
      "ELEMENT": ":wdc:1371825646512"
   }
}

[3.674][FINE]:      Command received (/session/80d6f5e3ddcfba14652559c26addbbdc/element/:wdc:1371825646512/displayed)
[3.674][FINER]:     Waiting for all views to stop loading...
[3.674][FINER]:     Done waiting for all views to stop loading
[3.688][FINER]:     Waiting for all views to stop loading...
[3.689][FINER]:     Done waiting for all views to stop loading
[3.689][FINE]:      Command finished (/session/80d6f5e3ddcfba14652559c26addbbdc/element/:wdc:1371825646512/displayed) with response {
   "sessionId": "80d6f5e3ddcfba14652559c26addbbdc",
   "status": 0,
   "value": true
}

[5.691][FINE]:      Command received (/session/80d6f5e3ddcfba14652559c26addbbdc)
[5.739][INFO]:      Chrome shutdown
